<?xml version="1.0" encoding="UTF-8"?>
<!-- Generated by org.testng.reporters.JUnitReportReporter -->
<testsuite hostname="DESKTOP-N60QB27" failures="0" tests="4" name="tests.SampleTest" time="11.375" errors="0" timestamp="2022-12-09T17:13:37 IST" skipped="0">
  <testcase classname="tests.SampleTest" name="loginTest" time="4.332"/>
  <testcase classname="tests.SampleTest" name="loginTest" time="3.713"/>
  <testcase classname="tests.SampleTest" name="addProductTillCheckOutTest" time="1.692"/>
  <testcase classname="tests.SampleTest" name="addProductTillCheckOutTest" time="1.638"/>
</testsuite> <!-- tests.SampleTest -->
